Using pre-set license
Built from '2020.3/staging' branch; Version is '2020.3.5f1 (8095aa901b9b) revision 8426922'; Using compiler version '192528614'; Build Type 'Release'
OS: 'Windows 10 Home Single Language; OS build 19041.572; Version 2004; 64bit' Language: 'en' Physical Memory: 8061 MB
BatchMode: 1, IsHumanControllingUs: 0, StartBugReporterOnCrash: 0, Is64bit: 1, IsPro: 0

 COMMAND LINE ARGUMENTS:
C:\Program Files\Unity\Hub\Editor\2020.3.5f1\Editor\Unity.exe
-adb2
-batchMode
-noUpm
-name
AssetImportWorker1
-projectPath
D:/Unity/Project/ONT_TS/ONT_TS_1/ONT_TS
-logFile
Logs/AssetImportWorker1.log
-srvPort
61586
Successfully changed project path to: D:/Unity/Project/ONT_TS/ONT_TS_1/ONT_TS
D:/Unity/Project/ONT_TS/ONT_TS_1/ONT_TS
Using Asset Import Pipeline V2.
Refreshing native plugins compatible for Editor in 98.51 ms, found 0 plugins.
Preloading 0 native plugins for Editor in 0.00 ms.
Initialize engine version: 2020.3.5f1 (8095aa901b9b)
[Subsystems] Discovering subsystems at path C:/Program Files/Unity/Hub/Editor/2020.3.5f1/Editor/Data/Resources/UnitySubsystems
[Subsystems] Discovering subsystems at path D:/Unity/Project/ONT_TS/ONT_TS_1/ONT_TS/Assets
GfxDevice: creating device client; threaded=0
Direct3D:
    Version:  Direct3D 11.0 [level 11.0]
    Renderer: NVIDIA GeForce 940MX (ID=0x134d)
    Vendor:   
    VRAM:     2010 MB
    Driver:   27.21.14.5671
Initialize mono
Mono path[0] = 'C:/Program Files/Unity/Hub/Editor/2020.3.5f1/Editor/Data/Managed'
Mono path[1] = 'C:/Program Files/Unity/Hub/Editor/2020.3.5f1/Editor/Data/MonoBleedingEdge/lib/mono/unityjit'
Mono config path = 'C:/Program Files/Unity/Hub/Editor/2020.3.5f1/Editor/Data/MonoBleedingEdge/etc'
Using monoOptions --debugger-agent=transport=dt_socket,embedding=1,server=y,suspend=n,address=127.0.0.1:56480
Begin MonoManager ReloadAssembly
Registering precompiled unity dll's ...
Register platform support module: C:/Program Files/Unity/Hub/Editor/2020.3.5f1/Editor/Data/PlaybackEngines/WindowsStandaloneSupport/UnityEditor.WindowsStandalone.Extensions.dll
Registered in 0.003144 seconds.
Native extension for WindowsStandalone target not found
Refreshing native plugins compatible for Editor in 76.54 ms, found 0 plugins.
Preloading 0 native plugins for Editor in 0.00 ms.
Mono: successfully reloaded assembly
- Completed reload, in  1.908 seconds
Platform modules already initialized, skipping
Registering precompiled user dll's ...
Registered in 0.003041 seconds.
Begin MonoManager ReloadAssembly
Native extension for WindowsStandalone target not found
Refreshing native plugins compatible for Editor in 69.70 ms, found 0 plugins.
Preloading 0 native plugins for Editor in 0.00 ms.
Mono: successfully reloaded assembly
- Completed reload, in  5.717 seconds
Platform modules already initialized, skipping
========================================================================
Worker process is ready to serve import requests
Launched and connected shader compiler UnityShaderCompiler.exe after 0.09 seconds
Refreshing native plugins compatible for Editor in 0.77 ms, found 0 plugins.
Preloading 0 native plugins for Editor in 0.00 ms.
Unloading 2358 Unused Serialized files (Serialized files now loaded: 0)
System memory in use before: 130.3 MB.
System memory in use after: 130.5 MB.

Unloading 124 unused Assets to reduce memory usage. Loaded Objects now: 2828.
Total: 6.623100 ms (FindLiveObjects: 1.021700 ms CreateObjectMapping: 0.443100 ms MarkObjects: 4.675100 ms  DeleteObjects: 0.480800 ms)

========================================================================
Received Import Request.
  path: Assets/ImportFiles/Mixamo/Skills/mixamo.com.anim
  artifactKey: Guid(ebdb5b6bc138b4a4ea493b75e7706d94) Importer(815301076,1909f56bfc062723c751e8b465ee728b)
Start importing Assets/ImportFiles/Mixamo/Skills/mixamo.com.anim using Guid(ebdb5b6bc138b4a4ea493b75e7706d94) Importer(815301076,1909f56bfc062723c751e8b465ee728b)  -> (artifact id: 'c69698fc68f6718d342f4038ce6e5749') in 0.065611 seconds
  Import took 0.094512 seconds .

========================================================================
Received Import Request.
  Time since last request: 7.284709 seconds.
  path: Assets/ImportFiles/Mixamo/Skills/Melee1.anim
  artifactKey: Guid(ebdb5b6bc138b4a4ea493b75e7706d94) Importer(815301076,1909f56bfc062723c751e8b465ee728b)
Start importing Assets/ImportFiles/Mixamo/Skills/Melee1.anim using Guid(ebdb5b6bc138b4a4ea493b75e7706d94) Importer(815301076,1909f56bfc062723c751e8b465ee728b)  -> (artifact id: '3bafd03f5621340b23689bf58e28d0d9') in 0.043603 seconds
  Import took 0.066342 seconds .

========================================================================
Received Import Request.
  Time since last request: 26.254586 seconds.
  path: Assets/ImportFiles/Mixamo/Skills/AxeMelee1.fbx
  artifactKey: Guid(740c1e4bbc78e82478b41864c9c23d01) Importer(815301076,1909f56bfc062723c751e8b465ee728b)
Start importing Assets/ImportFiles/Mixamo/Skills/AxeMelee1.fbx using Guid(740c1e4bbc78e82478b41864c9c23d01) Importer(815301076,1909f56bfc062723c751e8b465ee728b)  -> (artifact id: 'b38c6d96c5eabc64dac9ac7de36cbb40') in 0.102429 seconds
  Import took 0.118049 seconds .

========================================================================
Received Import Request.
  Time since last request: 79.952118 seconds.
  path: Assets/Animation/Animation/Melee
  artifactKey: Guid(dcfffd5dbed56984998552af912c7fb4) Importer(815301076,1909f56bfc062723c751e8b465ee728b)
Start importing Assets/Animation/Animation/Melee using Guid(dcfffd5dbed56984998552af912c7fb4) Importer(815301076,1909f56bfc062723c751e8b465ee728b)  -> (artifact id: 'c2f99f400e71f646a01335e19f16754c') in 0.010790 seconds
  Import took 0.030439 seconds .

========================================================================
Received Import Request.
  Time since last request: 8.686478 seconds.
  path: Assets/ImportFiles/Mixamo/Skills/AxeMelee2.fbx
  artifactKey: Guid(3ccac175cc7bac240b5e57b3bcdf19c0) Importer(815301076,1909f56bfc062723c751e8b465ee728b)
Start importing Assets/ImportFiles/Mixamo/Skills/AxeMelee2.fbx using Guid(3ccac175cc7bac240b5e57b3bcdf19c0) Importer(815301076,1909f56bfc062723c751e8b465ee728b)  -> (artifact id: 'f788d46afea74975d91573c1ac18f3f3') in 0.034363 seconds
  Import took 0.053132 seconds .

========================================================================
Received Import Request.
  Time since last request: 1.743255 seconds.
  path: Assets/ImportFiles/Mixamo/Skills/mixamo.com.anim
  artifactKey: Guid(fb01785166744c242ba18418f930e96c) Importer(815301076,1909f56bfc062723c751e8b465ee728b)
Start importing Assets/ImportFiles/Mixamo/Skills/mixamo.com.anim using Guid(fb01785166744c242ba18418f930e96c) Importer(815301076,1909f56bfc062723c751e8b465ee728b)  -> (artifact id: '60eb9b3d873239183a585464ef624e21') in 0.012696 seconds
  Import took 0.031485 seconds .

========================================================================
Received Import Request.
  Time since last request: 5.488175 seconds.
  path: Assets/ImportFiles/Mixamo/Skills/Melee2.anim
  artifactKey: Guid(fb01785166744c242ba18418f930e96c) Importer(815301076,1909f56bfc062723c751e8b465ee728b)
Start importing Assets/ImportFiles/Mixamo/Skills/Melee2.anim using Guid(fb01785166744c242ba18418f930e96c) Importer(815301076,1909f56bfc062723c751e8b465ee728b)  -> (artifact id: 'bb4804928ffabfa6cf796f7584a54e81') in 0.029497 seconds
  Import took 0.045319 seconds .

========================================================================
Received Import Request.
  Time since last request: 3.512352 seconds.
  path: Assets/ImportFiles/Mixamo/Skills/AxeMelee3.fbx
  artifactKey: Guid(b360fed040ff8b34d86f1bb0e0273b59) Importer(815301076,1909f56bfc062723c751e8b465ee728b)
Start importing Assets/ImportFiles/Mixamo/Skills/AxeMelee3.fbx using Guid(b360fed040ff8b34d86f1bb0e0273b59) Importer(815301076,1909f56bfc062723c751e8b465ee728b)  -> (artifact id: '4760c8bbece882284579fe464a853d96') in 0.018949 seconds
  Import took 0.043905 seconds .

========================================================================
Received Import Request.
  Time since last request: 0.000810 seconds.
  path: Assets/ImportFiles/Mixamo/Skills/AxeMelee3.fbx
  artifactKey: Guid(b360fed040ff8b34d86f1bb0e0273b59) Importer(815301076,1909f56bfc062723c751e8b465ee728b)
Start importing Assets/ImportFiles/Mixamo/Skills/AxeMelee3.fbx using Guid(b360fed040ff8b34d86f1bb0e0273b59) Importer(815301076,1909f56bfc062723c751e8b465ee728b)  -> (artifact id: '4760c8bbece882284579fe464a853d96') in 0.013224 seconds
  Import took 0.021455 seconds .

========================================================================
Received Import Request.
  Time since last request: 0.784377 seconds.
  path: Assets/ImportFiles/Mixamo/Skills/mixamo.com.anim
  artifactKey: Guid(369a352a2a6c898459c1984ad00b9d51) Importer(815301076,1909f56bfc062723c751e8b465ee728b)
Start importing Assets/ImportFiles/Mixamo/Skills/mixamo.com.anim using Guid(369a352a2a6c898459c1984ad00b9d51) Importer(815301076,1909f56bfc062723c751e8b465ee728b)  -> (artifact id: '1477d5be577f20877f8b2b5cffe2fc53') in 0.021641 seconds
  Import took 0.029024 seconds .

========================================================================
Received Import Request.
  Time since last request: 4.854121 seconds.
  path: Assets/ImportFiles/Mixamo/Skills/Melee3.anim
  artifactKey: Guid(369a352a2a6c898459c1984ad00b9d51) Importer(815301076,1909f56bfc062723c751e8b465ee728b)
Start importing Assets/ImportFiles/Mixamo/Skills/Melee3.anim using Guid(369a352a2a6c898459c1984ad00b9d51) Importer(815301076,1909f56bfc062723c751e8b465ee728b)  -> (artifact id: 'd640d7e668ccfd74715b3731b088d61c') in 0.029838 seconds
  Import took 0.049075 seconds .

========================================================================
Received Import Request.
  Time since last request: 132.370833 seconds.
  path: Assets/Animation/Animator/ThachSanh.controller
  artifactKey: Guid(8af6e866a895cb04d9b322b45da6dc30) Importer(815301076,1909f56bfc062723c751e8b465ee728b)
Start importing Assets/Animation/Animator/ThachSanh.controller using Guid(8af6e866a895cb04d9b322b45da6dc30) Importer(815301076,1909f56bfc062723c751e8b465ee728b)  -> (artifact id: 'ff038540445adda33ec277ce14ceaa88') in 0.817046 seconds
  Import took 0.836031 seconds .

========================================================================
Received Prepare
Registering precompiled user dll's ...
Registered in 0.003377 seconds.
Begin MonoManager ReloadAssembly
Native extension for WindowsStandalone target not found
Refreshing native plugins compatible for Editor in 0.79 ms, found 0 plugins.
Preloading 0 native plugins for Editor in 0.00 ms.
Warning: Annotation not found!
UnityEngine.StackTraceUtility:ExtractStackTrace ()
UnityEditor.ProBuilder.EditorUtility:SetGizmoIconEnabled (System.Type,bool) (at Library/PackageCache/com.unity.probuilder@4.5.0/Editor/EditorCore/EditorUtility.cs:593)
UnityEditor.ProBuilder.HierarchyListener:.cctor () (at Library/PackageCache/com.unity.probuilder@4.5.0/Editor/EditorCore/HierarchyListener.cs:21)
System.Runtime.CompilerServices.RuntimeHelpers:RunClassConstructor (System.RuntimeTypeHandle)
UnityEditor.EditorAssemblies:ProcessInitializeOnLoadAttributes (System.Type[])

[Library/PackageCache/com.unity.probuilder@4.5.0/Editor/EditorCore/EditorUtility.cs line 593]

Mono: successfully reloaded assembly
- Completed reload, in  4.718 seconds
Platform modules already initialized, skipping
Refreshing native plugins compatible for Editor in 0.79 ms, found 0 plugins.
Preloading 0 native plugins for Editor in 0.00 ms.
Unloading 2314 Unused Serialized files (Serialized files now loaded: 0)
System memory in use before: 127.5 MB.
System memory in use after: 127.6 MB.

Unloading 9 unused Assets to reduce memory usage. Loaded Objects now: 2831.
Total: 5.322800 ms (FindLiveObjects: 0.494500 ms CreateObjectMapping: 0.237700 ms MarkObjects: 4.347200 ms  DeleteObjects: 0.240500 ms)

