Using pre-set license
Built from '2020.3/staging' branch; Version is '2020.3.5f1 (8095aa901b9b) revision 8426922'; Using compiler version '192528614'; Build Type 'Release'
OS: 'Windows 10 Home Single Language; OS build 19041.572; Version 2004; 64bit' Language: 'en' Physical Memory: 8061 MB
BatchMode: 1, IsHumanControllingUs: 0, StartBugReporterOnCrash: 0, Is64bit: 1, IsPro: 0

 COMMAND LINE ARGUMENTS:
C:\Program Files\Unity\Hub\Editor\2020.3.5f1\Editor\Unity.exe
-adb2
-batchMode
-noUpm
-name
AssetImportWorker0
-projectPath
D:/Unity/Project/ONT_TS/ONT_TS_1/ONT_TS
-logFile
Logs/AssetImportWorker0.log
-srvPort
52755
Successfully changed project path to: D:/Unity/Project/ONT_TS/ONT_TS_1/ONT_TS
D:/Unity/Project/ONT_TS/ONT_TS_1/ONT_TS
Using Asset Import Pipeline V2.
Refreshing native plugins compatible for Editor in 66.74 ms, found 0 plugins.
Preloading 0 native plugins for Editor in 0.00 ms.
Initialize engine version: 2020.3.5f1 (8095aa901b9b)
[Subsystems] Discovering subsystems at path C:/Program Files/Unity/Hub/Editor/2020.3.5f1/Editor/Data/Resources/UnitySubsystems
[Subsystems] Discovering subsystems at path D:/Unity/Project/ONT_TS/ONT_TS_1/ONT_TS/Assets
GfxDevice: creating device client; threaded=0
Direct3D:
    Version:  Direct3D 11.0 [level 11.0]
    Renderer: NVIDIA GeForce 940MX (ID=0x134d)
    Vendor:   
    VRAM:     2010 MB
    Driver:   27.21.14.5671
Initialize mono
Mono path[0] = 'C:/Program Files/Unity/Hub/Editor/2020.3.5f1/Editor/Data/Managed'
Mono path[1] = 'C:/Program Files/Unity/Hub/Editor/2020.3.5f1/Editor/Data/MonoBleedingEdge/lib/mono/unityjit'
Mono config path = 'C:/Program Files/Unity/Hub/Editor/2020.3.5f1/Editor/Data/MonoBleedingEdge/etc'
Using monoOptions --debugger-agent=transport=dt_socket,embedding=1,server=y,suspend=n,address=127.0.0.1:56500
Begin MonoManager ReloadAssembly
Registering precompiled unity dll's ...
Register platform support module: C:/Program Files/Unity/Hub/Editor/2020.3.5f1/Editor/Data/PlaybackEngines/WindowsStandaloneSupport/UnityEditor.WindowsStandalone.Extensions.dll
Registered in 0.008409 seconds.
Native extension for WindowsStandalone target not found
Refreshing native plugins compatible for Editor in 91.92 ms, found 0 plugins.
Preloading 0 native plugins for Editor in 0.00 ms.
Mono: successfully reloaded assembly
- Completed reload, in  3.341 seconds
Platform modules already initialized, skipping
Registering precompiled user dll's ...
Registered in 0.002061 seconds.
Begin MonoManager ReloadAssembly
Native extension for WindowsStandalone target not found
Refreshing native plugins compatible for Editor in 126.18 ms, found 0 plugins.
Preloading 0 native plugins for Editor in 0.00 ms.
Mono: successfully reloaded assembly
- Completed reload, in  4.221 seconds
Platform modules already initialized, skipping
========================================================================
Worker process is ready to serve import requests
Launched and connected shader compiler UnityShaderCompiler.exe after 0.12 seconds
Refreshing native plugins compatible for Editor in 0.59 ms, found 0 plugins.
Preloading 0 native plugins for Editor in 0.00 ms.
Unloading 1947 Unused Serialized files (Serialized files now loaded: 0)
System memory in use before: 112.6 MB.
System memory in use after: 112.7 MB.

Unloading 13 unused Assets to reduce memory usage. Loaded Objects now: 2416.
Total: 4.257000 ms (FindLiveObjects: 0.448500 ms CreateObjectMapping: 0.223800 ms MarkObjects: 3.433800 ms  DeleteObjects: 0.148300 ms)

========================================================================
Received Import Request.
  path: Assets/Scripts/Behaviours/ThachSanh/PlayerController.cs
  artifactKey: Guid(767118cbb73238049b75f0b1411f994f) Importer(815301076,1909f56bfc062723c751e8b465ee728b)
Start importing Assets/Scripts/Behaviours/ThachSanh/PlayerController.cs using Guid(767118cbb73238049b75f0b1411f994f) Importer(815301076,1909f56bfc062723c751e8b465ee728b)  -> (artifact id: '6434448cfb676f7ad076819b7ba5637c') in 0.097864 seconds
  Import took 0.185233 seconds .

========================================================================
Received Prepare
Registering precompiled user dll's ...
Registered in 0.001841 seconds.
Begin MonoManager ReloadAssembly
Native extension for WindowsStandalone target not found
Refreshing native plugins compatible for Editor in 0.61 ms, found 0 plugins.
Preloading 0 native plugins for Editor in 0.00 ms.
Mono: successfully reloaded assembly
- Completed reload, in  2.129 seconds
Platform modules already initialized, skipping
Refreshing native plugins compatible for Editor in 0.76 ms, found 0 plugins.
Preloading 0 native plugins for Editor in 0.00 ms.
Unloading 1938 Unused Serialized files (Serialized files now loaded: 0)
System memory in use before: 112.4 MB.
System memory in use after: 112.5 MB.

Unloading 7 unused Assets to reduce memory usage. Loaded Objects now: 2419.
Total: 4.260000 ms (FindLiveObjects: 0.387900 ms CreateObjectMapping: 0.186900 ms MarkObjects: 3.568200 ms  DeleteObjects: 0.115200 ms)

========================================================================
Received Import Request.
  Time since last request: 97.009354 seconds.
  path: Assets/Scripts/Behaviours/ThachSanh/PlayerController.cs
  artifactKey: Guid(767118cbb73238049b75f0b1411f994f) Importer(815301076,1909f56bfc062723c751e8b465ee728b)
Start importing Assets/Scripts/Behaviours/ThachSanh/PlayerController.cs using Guid(767118cbb73238049b75f0b1411f994f) Importer(815301076,1909f56bfc062723c751e8b465ee728b)  -> (artifact id: '62984bd3731c13eaee1755a5e175dec4') in 0.007261 seconds
  Import took 0.023907 seconds .

========================================================================
Received Prepare
Registering precompiled user dll's ...
Registered in 0.001396 seconds.
Begin MonoManager ReloadAssembly
Native extension for WindowsStandalone target not found
Refreshing native plugins compatible for Editor in 0.73 ms, found 0 plugins.
Preloading 0 native plugins for Editor in 0.00 ms.
Mono: successfully reloaded assembly
- Completed reload, in  2.235 seconds
Platform modules already initialized, skipping
Refreshing native plugins compatible for Editor in 0.59 ms, found 0 plugins.
Preloading 0 native plugins for Editor in 0.00 ms.
Unloading 1938 Unused Serialized files (Serialized files now loaded: 0)
System memory in use before: 112.4 MB.
System memory in use after: 112.5 MB.

Unloading 7 unused Assets to reduce memory usage. Loaded Objects now: 2422.
Total: 5.620300 ms (FindLiveObjects: 0.634400 ms CreateObjectMapping: 0.255800 ms MarkObjects: 4.580800 ms  DeleteObjects: 0.145600 ms)

========================================================================
Received Prepare
Registering precompiled user dll's ...
Registered in 0.001601 seconds.
Begin MonoManager ReloadAssembly
Native extension for WindowsStandalone target not found
Refreshing native plugins compatible for Editor in 0.38 ms, found 0 plugins.
Preloading 0 native plugins for Editor in 0.00 ms.
Mono: successfully reloaded assembly
- Completed reload, in  2.163 seconds
Platform modules already initialized, skipping
Refreshing native plugins compatible for Editor in 0.67 ms, found 0 plugins.
Preloading 0 native plugins for Editor in 0.00 ms.
Unloading 1938 Unused Serialized files (Serialized files now loaded: 0)
System memory in use before: 112.5 MB.
System memory in use after: 112.6 MB.

Unloading 7 unused Assets to reduce memory usage. Loaded Objects now: 2425.
Total: 4.590600 ms (FindLiveObjects: 0.873800 ms CreateObjectMapping: 0.216000 ms MarkObjects: 3.378500 ms  DeleteObjects: 0.120200 ms)

========================================================================
Received Prepare
Registering precompiled user dll's ...
Registered in 0.002107 seconds.
Begin MonoManager ReloadAssembly
Native extension for WindowsStandalone target not found
Refreshing native plugins compatible for Editor in 0.60 ms, found 0 plugins.
Preloading 0 native plugins for Editor in 0.00 ms.
Mono: successfully reloaded assembly
- Completed reload, in  1.994 seconds
Platform modules already initialized, skipping
Refreshing native plugins compatible for Editor in 0.60 ms, found 0 plugins.
Preloading 0 native plugins for Editor in 0.00 ms.
Unloading 1938 Unused Serialized files (Serialized files now loaded: 0)
System memory in use before: 112.5 MB.
System memory in use after: 112.6 MB.

Unloading 7 unused Assets to reduce memory usage. Loaded Objects now: 2428.
Total: 5.638300 ms (FindLiveObjects: 0.437300 ms CreateObjectMapping: 0.288600 ms MarkObjects: 4.762700 ms  DeleteObjects: 0.147700 ms)

========================================================================
Received Prepare
Registering precompiled user dll's ...
Registered in 0.001823 seconds.
Begin MonoManager ReloadAssembly
Native extension for WindowsStandalone target not found
Refreshing native plugins compatible for Editor in 0.89 ms, found 0 plugins.
Preloading 0 native plugins for Editor in 0.00 ms.
Mono: successfully reloaded assembly
- Completed reload, in  2.222 seconds
Platform modules already initialized, skipping
Refreshing native plugins compatible for Editor in 0.77 ms, found 0 plugins.
Preloading 0 native plugins for Editor in 0.00 ms.
Unloading 1938 Unused Serialized files (Serialized files now loaded: 0)
System memory in use before: 112.5 MB.
System memory in use after: 112.6 MB.

Unloading 7 unused Assets to reduce memory usage. Loaded Objects now: 2431.
Total: 5.012000 ms (FindLiveObjects: 0.501800 ms CreateObjectMapping: 0.277300 ms MarkObjects: 4.078700 ms  DeleteObjects: 0.151900 ms)

========================================================================
Received Prepare
Registering precompiled user dll's ...
Registered in 0.060666 seconds.
Begin MonoManager ReloadAssembly
Native extension for WindowsStandalone target not found
Refreshing native plugins compatible for Editor in 0.79 ms, found 0 plugins.
Preloading 0 native plugins for Editor in 0.00 ms.
Mono: successfully reloaded assembly
- Completed reload, in  4.638 seconds
Platform modules already initialized, skipping
Refreshing native plugins compatible for Editor in 0.75 ms, found 0 plugins.
Preloading 0 native plugins for Editor in 0.00 ms.
Unloading 1938 Unused Serialized files (Serialized files now loaded: 0)
System memory in use before: 112.5 MB.
System memory in use after: 112.6 MB.

Unloading 7 unused Assets to reduce memory usage. Loaded Objects now: 2434.
Total: 5.892800 ms (FindLiveObjects: 0.396100 ms CreateObjectMapping: 0.273700 ms MarkObjects: 5.080200 ms  DeleteObjects: 0.139700 ms)

========================================================================
Received Prepare
Registering precompiled user dll's ...
Registered in 0.001719 seconds.
Begin MonoManager ReloadAssembly
Native extension for WindowsStandalone target not found
Refreshing native plugins compatible for Editor in 0.60 ms, found 0 plugins.
Preloading 0 native plugins for Editor in 0.00 ms.
Mono: successfully reloaded assembly
- Completed reload, in  2.404 seconds
Platform modules already initialized, skipping
Refreshing native plugins compatible for Editor in 0.81 ms, found 0 plugins.
Preloading 0 native plugins for Editor in 0.00 ms.
Unloading 1938 Unused Serialized files (Serialized files now loaded: 0)
System memory in use before: 112.5 MB.
System memory in use after: 112.6 MB.

Unloading 7 unused Assets to reduce memory usage. Loaded Objects now: 2437.
Total: 7.120100 ms (FindLiveObjects: 0.873700 ms CreateObjectMapping: 0.449900 ms MarkObjects: 5.637500 ms  DeleteObjects: 0.155500 ms)

========================================================================
Received Prepare
Registering precompiled user dll's ...
Registered in 0.002417 seconds.
Begin MonoManager ReloadAssembly
Native extension for WindowsStandalone target not found
Refreshing native plugins compatible for Editor in 0.61 ms, found 0 plugins.
Preloading 0 native plugins for Editor in 0.00 ms.
Mono: successfully reloaded assembly
- Completed reload, in  1.898 seconds
Platform modules already initialized, skipping
Refreshing native plugins compatible for Editor in 0.62 ms, found 0 plugins.
Preloading 0 native plugins for Editor in 0.00 ms.
Unloading 1938 Unused Serialized files (Serialized files now loaded: 0)
System memory in use before: 112.5 MB.
System memory in use after: 112.6 MB.

Unloading 7 unused Assets to reduce memory usage. Loaded Objects now: 2440.
Total: 6.533200 ms (FindLiveObjects: 1.162100 ms CreateObjectMapping: 0.608100 ms MarkObjects: 4.633700 ms  DeleteObjects: 0.127500 ms)

========================================================================
Received Prepare
Registering precompiled user dll's ...
Registered in 0.002004 seconds.
Begin MonoManager ReloadAssembly
Native extension for WindowsStandalone target not found
Refreshing native plugins compatible for Editor in 0.61 ms, found 0 plugins.
Preloading 0 native plugins for Editor in 0.00 ms.
Mono: successfully reloaded assembly
- Completed reload, in  1.831 seconds
Platform modules already initialized, skipping
Refreshing native plugins compatible for Editor in 0.57 ms, found 0 plugins.
Preloading 0 native plugins for Editor in 0.00 ms.
Unloading 1938 Unused Serialized files (Serialized files now loaded: 0)
System memory in use before: 112.5 MB.
System memory in use after: 112.6 MB.

Unloading 7 unused Assets to reduce memory usage. Loaded Objects now: 2443.
Total: 5.043400 ms (FindLiveObjects: 0.662100 ms CreateObjectMapping: 0.284700 ms MarkObjects: 3.892300 ms  DeleteObjects: 0.202100 ms)

========================================================================
Received Prepare
Registering precompiled user dll's ...
Registered in 0.001587 seconds.
Begin MonoManager ReloadAssembly
Native extension for WindowsStandalone target not found
Refreshing native plugins compatible for Editor in 0.61 ms, found 0 plugins.
Preloading 0 native plugins for Editor in 0.00 ms.
Mono: successfully reloaded assembly
- Completed reload, in  1.908 seconds
Platform modules already initialized, skipping
Refreshing native plugins compatible for Editor in 0.64 ms, found 0 plugins.
Preloading 0 native plugins for Editor in 0.00 ms.
Unloading 1938 Unused Serialized files (Serialized files now loaded: 0)
System memory in use before: 112.5 MB.
System memory in use after: 112.6 MB.

Unloading 7 unused Assets to reduce memory usage. Loaded Objects now: 2446.
Total: 4.581000 ms (FindLiveObjects: 0.426800 ms CreateObjectMapping: 0.200000 ms MarkObjects: 3.819000 ms  DeleteObjects: 0.132700 ms)

========================================================================
Received Prepare
Registering precompiled user dll's ...
Registered in 0.001821 seconds.
Begin MonoManager ReloadAssembly
Native extension for WindowsStandalone target not found
Refreshing native plugins compatible for Editor in 0.39 ms, found 0 plugins.
Preloading 0 native plugins for Editor in 0.00 ms.
Mono: successfully reloaded assembly
- Completed reload, in  1.800 seconds
Platform modules already initialized, skipping
Refreshing native plugins compatible for Editor in 0.63 ms, found 0 plugins.
Preloading 0 native plugins for Editor in 0.00 ms.
Unloading 1938 Unused Serialized files (Serialized files now loaded: 0)
System memory in use before: 112.5 MB.
System memory in use after: 112.6 MB.

Unloading 7 unused Assets to reduce memory usage. Loaded Objects now: 2449.
Total: 4.241400 ms (FindLiveObjects: 0.433400 ms CreateObjectMapping: 0.202300 ms MarkObjects: 3.486600 ms  DeleteObjects: 0.117200 ms)

========================================================================
Received Prepare
Registering precompiled user dll's ...
Registered in 0.001697 seconds.
Begin MonoManager ReloadAssembly
Native extension for WindowsStandalone target not found
Refreshing native plugins compatible for Editor in 0.67 ms, found 0 plugins.
Preloading 0 native plugins for Editor in 0.00 ms.
Mono: successfully reloaded assembly
- Completed reload, in  1.791 seconds
Platform modules already initialized, skipping
Refreshing native plugins compatible for Editor in 0.60 ms, found 0 plugins.
Preloading 0 native plugins for Editor in 0.00 ms.
Unloading 1938 Unused Serialized files (Serialized files now loaded: 0)
System memory in use before: 112.6 MB.
System memory in use after: 112.6 MB.

Unloading 7 unused Assets to reduce memory usage. Loaded Objects now: 2452.
Total: 4.862200 ms (FindLiveObjects: 0.716500 ms CreateObjectMapping: 0.192700 ms MarkObjects: 3.826300 ms  DeleteObjects: 0.123800 ms)

========================================================================
Received Prepare
Registering precompiled user dll's ...
Registered in 0.002432 seconds.
Begin MonoManager ReloadAssembly
Native extension for WindowsStandalone target not found
Refreshing native plugins compatible for Editor in 0.79 ms, found 0 plugins.
Preloading 0 native plugins for Editor in 0.00 ms.
Mono: successfully reloaded assembly
- Completed reload, in  2.395 seconds
Platform modules already initialized, skipping
Refreshing native plugins compatible for Editor in 0.86 ms, found 0 plugins.
Preloading 0 native plugins for Editor in 0.00 ms.
Unloading 1938 Unused Serialized files (Serialized files now loaded: 0)
System memory in use before: 112.6 MB.
System memory in use after: 112.6 MB.

Unloading 7 unused Assets to reduce memory usage. Loaded Objects now: 2455.
Total: 7.713900 ms (FindLiveObjects: 1.532100 ms CreateObjectMapping: 1.473500 ms MarkObjects: 4.425800 ms  DeleteObjects: 0.280600 ms)

========================================================================
Received Prepare
Registering precompiled user dll's ...
Registered in 0.001617 seconds.
Begin MonoManager ReloadAssembly
Native extension for WindowsStandalone target not found
Refreshing native plugins compatible for Editor in 0.61 ms, found 0 plugins.
Preloading 0 native plugins for Editor in 0.00 ms.
Mono: successfully reloaded assembly
- Completed reload, in  2.160 seconds
Platform modules already initialized, skipping
Refreshing native plugins compatible for Editor in 0.86 ms, found 0 plugins.
Preloading 0 native plugins for Editor in 0.00 ms.
Unloading 1938 Unused Serialized files (Serialized files now loaded: 0)
System memory in use before: 112.6 MB.
System memory in use after: 112.7 MB.

Unloading 7 unused Assets to reduce memory usage. Loaded Objects now: 2458.
Total: 5.440100 ms (FindLiveObjects: 0.627200 ms CreateObjectMapping: 0.238900 ms MarkObjects: 4.445100 ms  DeleteObjects: 0.126300 ms)

========================================================================
Received Prepare
Registering precompiled user dll's ...
Registered in 0.001639 seconds.
Begin MonoManager ReloadAssembly
Native extension for WindowsStandalone target not found
Refreshing native plugins compatible for Editor in 0.38 ms, found 0 plugins.
Preloading 0 native plugins for Editor in 0.00 ms.
Mono: successfully reloaded assembly
- Completed reload, in  1.870 seconds
Platform modules already initialized, skipping
Refreshing native plugins compatible for Editor in 0.60 ms, found 0 plugins.
Preloading 0 native plugins for Editor in 0.00 ms.
Unloading 1938 Unused Serialized files (Serialized files now loaded: 0)
System memory in use before: 112.6 MB.
System memory in use after: 112.7 MB.

Unloading 7 unused Assets to reduce memory usage. Loaded Objects now: 2461.
Total: 4.593900 ms (FindLiveObjects: 0.476500 ms CreateObjectMapping: 0.177900 ms MarkObjects: 3.817900 ms  DeleteObjects: 0.119500 ms)

========================================================================
Received Prepare
Registering precompiled user dll's ...
Registered in 0.001618 seconds.
Begin MonoManager ReloadAssembly
Native extension for WindowsStandalone target not found
Refreshing native plugins compatible for Editor in 0.39 ms, found 0 plugins.
Preloading 0 native plugins for Editor in 0.00 ms.
Mono: successfully reloaded assembly
- Completed reload, in  1.611 seconds
Platform modules already initialized, skipping
Refreshing native plugins compatible for Editor in 0.59 ms, found 0 plugins.
Preloading 0 native plugins for Editor in 0.00 ms.
Unloading 1938 Unused Serialized files (Serialized files now loaded: 0)
System memory in use before: 112.6 MB.
System memory in use after: 112.7 MB.

Unloading 7 unused Assets to reduce memory usage. Loaded Objects now: 2464.
Total: 4.920800 ms (FindLiveObjects: 0.399900 ms CreateObjectMapping: 0.210300 ms MarkObjects: 4.180500 ms  DeleteObjects: 0.127400 ms)

========================================================================
Received Prepare
Registering precompiled user dll's ...
Registered in 0.001581 seconds.
Begin MonoManager ReloadAssembly
Native extension for WindowsStandalone target not found
Refreshing native plugins compatible for Editor in 0.61 ms, found 0 plugins.
Preloading 0 native plugins for Editor in 0.00 ms.
Mono: successfully reloaded assembly
- Completed reload, in  1.859 seconds
Platform modules already initialized, skipping
Refreshing native plugins compatible for Editor in 0.62 ms, found 0 plugins.
Preloading 0 native plugins for Editor in 0.00 ms.
Unloading 1938 Unused Serialized files (Serialized files now loaded: 0)
System memory in use before: 112.6 MB.
System memory in use after: 112.7 MB.

Unloading 7 unused Assets to reduce memory usage. Loaded Objects now: 2467.
Total: 4.546500 ms (FindLiveObjects: 0.587700 ms CreateObjectMapping: 0.203600 ms MarkObjects: 3.625200 ms  DeleteObjects: 0.127100 ms)

========================================================================
Received Prepare
Registering precompiled user dll's ...
Registered in 0.001627 seconds.
Begin MonoManager ReloadAssembly
Native extension for WindowsStandalone target not found
Refreshing native plugins compatible for Editor in 0.38 ms, found 0 plugins.
Preloading 0 native plugins for Editor in 0.00 ms.
Mono: successfully reloaded assembly
- Completed reload, in  1.826 seconds
Platform modules already initialized, skipping
Refreshing native plugins compatible for Editor in 0.59 ms, found 0 plugins.
Preloading 0 native plugins for Editor in 0.00 ms.
Unloading 1938 Unused Serialized files (Serialized files now loaded: 0)
System memory in use before: 112.6 MB.
System memory in use after: 112.7 MB.

Unloading 7 unused Assets to reduce memory usage. Loaded Objects now: 2470.
Total: 4.554600 ms (FindLiveObjects: 0.418900 ms CreateObjectMapping: 0.242000 ms MarkObjects: 3.707300 ms  DeleteObjects: 0.183700 ms)

========================================================================
Received Prepare
Registering precompiled user dll's ...
Registered in 0.001685 seconds.
Begin MonoManager ReloadAssembly
Native extension for WindowsStandalone target not found
Refreshing native plugins compatible for Editor in 0.58 ms, found 0 plugins.
Preloading 0 native plugins for Editor in 0.00 ms.
Mono: successfully reloaded assembly
- Completed reload, in  2.793 seconds
Platform modules already initialized, skipping
Refreshing native plugins compatible for Editor in 0.62 ms, found 0 plugins.
Preloading 0 native plugins for Editor in 0.00 ms.
Unloading 1938 Unused Serialized files (Serialized files now loaded: 0)
System memory in use before: 112.6 MB.
System memory in use after: 112.7 MB.

Unloading 7 unused Assets to reduce memory usage. Loaded Objects now: 2473.
Total: 4.103600 ms (FindLiveObjects: 0.399200 ms CreateObjectMapping: 0.185100 ms MarkObjects: 3.421500 ms  DeleteObjects: 0.095200 ms)

========================================================================
Received Prepare
Registering precompiled user dll's ...
Registered in 0.001916 seconds.
Begin MonoManager ReloadAssembly
Native extension for WindowsStandalone target not found
Refreshing native plugins compatible for Editor in 0.70 ms, found 0 plugins.
Preloading 0 native plugins for Editor in 0.00 ms.
Mono: successfully reloaded assembly
- Completed reload, in  2.902 seconds
Platform modules already initialized, skipping
Refreshing native plugins compatible for Editor in 0.61 ms, found 0 plugins.
Preloading 0 native plugins for Editor in 0.00 ms.
Unloading 1938 Unused Serialized files (Serialized files now loaded: 0)
System memory in use before: 112.6 MB.
System memory in use after: 112.7 MB.

Unloading 7 unused Assets to reduce memory usage. Loaded Objects now: 2476.
Total: 4.151000 ms (FindLiveObjects: 0.425700 ms CreateObjectMapping: 0.173600 ms MarkObjects: 3.430400 ms  DeleteObjects: 0.119200 ms)

========================================================================
Received Prepare
Registering precompiled user dll's ...
Registered in 0.002198 seconds.
Begin MonoManager ReloadAssembly
Native extension for WindowsStandalone target not found
Refreshing native plugins compatible for Editor in 0.54 ms, found 0 plugins.
Preloading 0 native plugins for Editor in 0.00 ms.
Mono: successfully reloaded assembly
- Completed reload, in  2.382 seconds
Platform modules already initialized, skipping
Refreshing native plugins compatible for Editor in 0.54 ms, found 0 plugins.
Preloading 0 native plugins for Editor in 0.00 ms.
Unloading 1941 Unused Serialized files (Serialized files now loaded: 0)
System memory in use before: 112.7 MB.
System memory in use after: 112.8 MB.

Unloading 7 unused Assets to reduce memory usage. Loaded Objects now: 2482.
Total: 13.344100 ms (FindLiveObjects: 6.332200 ms CreateObjectMapping: 0.246800 ms MarkObjects: 6.563100 ms  DeleteObjects: 0.194700 ms)

========================================================================
Received Import Request.
  Time since last request: 19601.393104 seconds.
  path: Assets/Unity/ConstraintSamples
  artifactKey: Guid(549e70ef22bd741d68e1012fbac1fc09) Importer(815301076,1909f56bfc062723c751e8b465ee728b)
Start importing Assets/Unity/ConstraintSamples using Guid(549e70ef22bd741d68e1012fbac1fc09) Importer(815301076,1909f56bfc062723c751e8b465ee728b)  -> (artifact id: '3c8aa32280e97d46ac681caf5eeac376') in 0.026745 seconds
  Import took 0.378726 seconds .

========================================================================
Received Import Request.
  Time since last request: 11.746158 seconds.
  path: Assets/Unity/ConstraintSamples/Scenes/2BoneIK.unity
  artifactKey: Guid(3386751cfe75d49a09170550b86eb26c) Importer(815301076,1909f56bfc062723c751e8b465ee728b)
Start importing Assets/Unity/ConstraintSamples/Scenes/2BoneIK.unity using Guid(3386751cfe75d49a09170550b86eb26c) Importer(815301076,1909f56bfc062723c751e8b465ee728b)  -> (artifact id: '293d79fc049ed101d55c055f14a582d3') in 0.525842 seconds
  Import took 0.573181 seconds .

========================================================================
Received Import Request.
  Time since last request: 0.611516 seconds.
  path: Assets/Unity/ConstraintSamples/Scenes/2BoneIK.unity
  artifactKey: Guid(3386751cfe75d49a09170550b86eb26c) Importer(815301076,1909f56bfc062723c751e8b465ee728b)
Start importing Assets/Unity/ConstraintSamples/Scenes/2BoneIK.unity using Guid(3386751cfe75d49a09170550b86eb26c) Importer(815301076,1909f56bfc062723c751e8b465ee728b)  -> (artifact id: '293d79fc049ed101d55c055f14a582d3') in 0.013867 seconds
  Import took 0.037287 seconds .

========================================================================
Received Import Request.
  Time since last request: 29.081131 seconds.
  path: Assets/Unity/ConstraintSamples/Scenes/Aim.unity
  artifactKey: Guid(eb016a2ff712f4c6ba46768ba922dc4f) Importer(815301076,1909f56bfc062723c751e8b465ee728b)
Start importing Assets/Unity/ConstraintSamples/Scenes/Aim.unity using Guid(eb016a2ff712f4c6ba46768ba922dc4f) Importer(815301076,1909f56bfc062723c751e8b465ee728b)  -> (artifact id: '3f27b003aafe3a34f266f379f305d8c0') in 0.012892 seconds
  Import took 0.064121 seconds .

========================================================================
Received Import Request.
  Time since last request: 202.050185 seconds.
  path: Assets/Unity/ConstraintSamples/Scenes/Blend.unity
  artifactKey: Guid(ea5e8de8748244d97a8d24d105f983c4) Importer(815301076,1909f56bfc062723c751e8b465ee728b)
Start importing Assets/Unity/ConstraintSamples/Scenes/Blend.unity using Guid(ea5e8de8748244d97a8d24d105f983c4) Importer(815301076,1909f56bfc062723c751e8b465ee728b)  -> (artifact id: 'ab228061df50e32d98d8598d13347d37') in 0.014304 seconds
  Import took 2.011485 seconds .

========================================================================
Received Prepare
Registering precompiled user dll's ...
Registered in 0.002964 seconds.
Begin MonoManager ReloadAssembly
Native extension for WindowsStandalone target not found
Refreshing native plugins compatible for Editor in 0.63 ms, found 0 plugins.
Preloading 0 native plugins for Editor in 0.00 ms.
Mono: successfully reloaded assembly
- Completed reload, in  2.128 seconds
Platform modules already initialized, skipping
Refreshing native plugins compatible for Editor in 0.66 ms, found 0 plugins.
Preloading 0 native plugins for Editor in 0.00 ms.
Unloading 1941 Unused Serialized files (Serialized files now loaded: 0)
System memory in use before: 112.7 MB.
System memory in use after: 112.8 MB.

Unloading 7 unused Assets to reduce memory usage. Loaded Objects now: 2485.
Total: 6.174800 ms (FindLiveObjects: 1.267900 ms CreateObjectMapping: 0.320600 ms MarkObjects: 4.456000 ms  DeleteObjects: 0.127100 ms)

========================================================================
Received Import Request.
  Time since last request: 356.209502 seconds.
  path: Assets/Unity/ConstraintSamples/Scenes/ChainIK.unity
  artifactKey: Guid(eaac44d00b21c415f918e61bbcfbe18e) Importer(815301076,1909f56bfc062723c751e8b465ee728b)
Start importing Assets/Unity/ConstraintSamples/Scenes/ChainIK.unity using Guid(eaac44d00b21c415f918e61bbcfbe18e) Importer(815301076,1909f56bfc062723c751e8b465ee728b)  -> (artifact id: '9549357a6d7723d8116373ddb2e264c5') in 0.050096 seconds
  Import took 0.057982 seconds .

========================================================================
Received Prepare
Registering precompiled user dll's ...
Registered in 0.001715 seconds.
Begin MonoManager ReloadAssembly
Native extension for WindowsStandalone target not found
Refreshing native plugins compatible for Editor in 0.60 ms, found 0 plugins.
Preloading 0 native plugins for Editor in 0.00 ms.
Mono: successfully reloaded assembly
- Completed reload, in  2.111 seconds
Platform modules already initialized, skipping
Refreshing native plugins compatible for Editor in 0.65 ms, found 0 plugins.
Preloading 0 native plugins for Editor in 0.00 ms.
Unloading 1941 Unused Serialized files (Serialized files now loaded: 0)
System memory in use before: 112.8 MB.
System memory in use after: 112.8 MB.

Unloading 7 unused Assets to reduce memory usage. Loaded Objects now: 2488.
Total: 4.397600 ms (FindLiveObjects: 0.433100 ms CreateObjectMapping: 0.279000 ms MarkObjects: 3.556400 ms  DeleteObjects: 0.126400 ms)

========================================================================
Received Prepare
Registering precompiled user dll's ...
Registered in 0.003106 seconds.
Begin MonoManager ReloadAssembly
Native extension for WindowsStandalone target not found
Refreshing native plugins compatible for Editor in 0.39 ms, found 0 plugins.
Preloading 0 native plugins for Editor in 0.00 ms.
Mono: successfully reloaded assembly
- Completed reload, in  1.849 seconds
Platform modules already initialized, skipping
Refreshing native plugins compatible for Editor in 0.63 ms, found 0 plugins.
Preloading 0 native plugins for Editor in 0.00 ms.
Unloading 1941 Unused Serialized files (Serialized files now loaded: 0)
System memory in use before: 112.8 MB.
System memory in use after: 112.8 MB.

Unloading 7 unused Assets to reduce memory usage. Loaded Objects now: 2491.
Total: 4.245100 ms (FindLiveObjects: 0.373500 ms CreateObjectMapping: 0.148000 ms MarkObjects: 3.605700 ms  DeleteObjects: 0.116400 ms)

