Using pre-set license
Built from '2020.3/staging' branch; Version is '2020.3.5f1 (8095aa901b9b) revision 8426922'; Using compiler version '192528614'; Build Type 'Release'
OS: 'Windows 10 Home Single Language; OS build 19041.572; Version 2004; 64bit' Language: 'en' Physical Memory: 8061 MB
BatchMode: 1, IsHumanControllingUs: 0, StartBugReporterOnCrash: 0, Is64bit: 1, IsPro: 0

 COMMAND LINE ARGUMENTS:
C:\Program Files\Unity\Hub\Editor\2020.3.5f1\Editor\Unity.exe
-adb2
-batchMode
-noUpm
-name
AssetImportWorker0
-projectPath
D:/Unity/Project/ONT_TS/ONT_TS_1/ONT_TS
-logFile
Logs/AssetImportWorker0.log
-srvPort
64634
Successfully changed project path to: D:/Unity/Project/ONT_TS/ONT_TS_1/ONT_TS
D:/Unity/Project/ONT_TS/ONT_TS_1/ONT_TS
Using Asset Import Pipeline V2.
Refreshing native plugins compatible for Editor in 126.94 ms, found 0 plugins.
Preloading 0 native plugins for Editor in 0.00 ms.
Initialize engine version: 2020.3.5f1 (8095aa901b9b)
[Subsystems] Discovering subsystems at path C:/Program Files/Unity/Hub/Editor/2020.3.5f1/Editor/Data/Resources/UnitySubsystems
[Subsystems] Discovering subsystems at path D:/Unity/Project/ONT_TS/ONT_TS_1/ONT_TS/Assets
GfxDevice: creating device client; threaded=0
Direct3D:
    Version:  Direct3D 11.0 [level 11.0]
    Renderer: NVIDIA GeForce 940MX (ID=0x134d)
    Vendor:   
    VRAM:     2010 MB
    Driver:   27.21.14.5671
Initialize mono
Mono path[0] = 'C:/Program Files/Unity/Hub/Editor/2020.3.5f1/Editor/Data/Managed'
Mono path[1] = 'C:/Program Files/Unity/Hub/Editor/2020.3.5f1/Editor/Data/MonoBleedingEdge/lib/mono/unityjit'
Mono config path = 'C:/Program Files/Unity/Hub/Editor/2020.3.5f1/Editor/Data/MonoBleedingEdge/etc'
Using monoOptions --debugger-agent=transport=dt_socket,embedding=1,server=y,suspend=n,address=127.0.0.1:56860
Begin MonoManager ReloadAssembly
Registering precompiled unity dll's ...
Register platform support module: C:/Program Files/Unity/Hub/Editor/2020.3.5f1/Editor/Data/PlaybackEngines/WindowsStandaloneSupport/UnityEditor.WindowsStandalone.Extensions.dll
Registered in 0.004975 seconds.
Native extension for WindowsStandalone target not found
Refreshing native plugins compatible for Editor in 111.44 ms, found 0 plugins.
Preloading 0 native plugins for Editor in 0.00 ms.
Mono: successfully reloaded assembly
- Completed reload, in  2.406 seconds
Platform modules already initialized, skipping
Registering precompiled user dll's ...
Registered in 0.003398 seconds.
Begin MonoManager ReloadAssembly
Native extension for WindowsStandalone target not found
Refreshing native plugins compatible for Editor in 107.32 ms, found 0 plugins.
Preloading 0 native plugins for Editor in 0.00 ms.
Mono: successfully reloaded assembly
- Completed reload, in  4.054 seconds
Platform modules already initialized, skipping
========================================================================
Worker process is ready to serve import requests
Launched and connected shader compiler UnityShaderCompiler.exe after 0.10 seconds
Refreshing native plugins compatible for Editor in 0.80 ms, found 0 plugins.
Preloading 0 native plugins for Editor in 0.00 ms.
Unloading 2378 Unused Serialized files (Serialized files now loaded: 0)
System memory in use before: 131.0 MB.
System memory in use after: 131.1 MB.

Unloading 124 unused Assets to reduce memory usage. Loaded Objects now: 2848.
Total: 7.806100 ms (FindLiveObjects: 0.844800 ms CreateObjectMapping: 0.236500 ms MarkObjects: 6.215600 ms  DeleteObjects: 0.506200 ms)

========================================================================
Received Import Request.
  path: Assets/ScriptableObject/StateMachine/WolfTransitionTable.asset
  artifactKey: Guid(eed7d6bbf255fd141ac7ca867912137a) Importer(815301076,1909f56bfc062723c751e8b465ee728b)
Start importing Assets/ScriptableObject/StateMachine/WolfTransitionTable.asset using Guid(eed7d6bbf255fd141ac7ca867912137a) Importer(815301076,1909f56bfc062723c751e8b465ee728b)  -> (artifact id: '411a769efa83499eded85b25209d5f60') in 0.065142 seconds
  Import took 0.114148 seconds .

========================================================================
Received Import Request.
  Time since last request: 0.000269 seconds.
  path: Assets/ScriptableObject/StateMachine/New Transition Table.asset
  artifactKey: Guid(8dc262d2fa72bf5468a948ca9e9525e9) Importer(815301076,1909f56bfc062723c751e8b465ee728b)
Start importing Assets/ScriptableObject/StateMachine/New Transition Table.asset using Guid(8dc262d2fa72bf5468a948ca9e9525e9) Importer(815301076,1909f56bfc062723c751e8b465ee728b)  -> (artifact id: 'a032feb182d7967a5868f4b190c4bdaf') in 0.013602 seconds
  Import took 0.038017 seconds .

========================================================================
Received Import Request.
  Time since last request: 2.145238 seconds.
  path: Assets/ScriptableObject/StateMachine/Wolf/State/Patrol.asset
  artifactKey: Guid(6b2a44db7b285874a809c81556c8039a) Importer(815301076,1909f56bfc062723c751e8b465ee728b)
Start importing Assets/ScriptableObject/StateMachine/Wolf/State/Patrol.asset using Guid(6b2a44db7b285874a809c81556c8039a) Importer(815301076,1909f56bfc062723c751e8b465ee728b)  -> (artifact id: 'e4562b6724242b76d83150ee47ff0dc8') in 0.029804 seconds
  Import took 0.081877 seconds .

========================================================================
Received Import Request.
  Time since last request: 1.505235 seconds.
  path: Assets/ScriptableObject/StateMachine/Wolf/State/Idle.asset
  artifactKey: Guid(6171795075dab2e47af441a5adbf9a7c) Importer(815301076,1909f56bfc062723c751e8b465ee728b)
Start importing Assets/ScriptableObject/StateMachine/Wolf/State/Idle.asset using Guid(6171795075dab2e47af441a5adbf9a7c) Importer(815301076,1909f56bfc062723c751e8b465ee728b)  -> (artifact id: 'ce7f69cddf6ecd626a1fe0742fc19737') in 0.026963 seconds
  Import took 0.079207 seconds .

========================================================================
Received Import Request.
  Time since last request: 0.393331 seconds.
  path: Assets/ScriptableObject/StateMachine/Wolf/State/Chase.asset
  artifactKey: Guid(1a989d6c8b1bec0488986c02addb2e5e) Importer(815301076,1909f56bfc062723c751e8b465ee728b)
Start importing Assets/ScriptableObject/StateMachine/Wolf/State/Chase.asset using Guid(1a989d6c8b1bec0488986c02addb2e5e) Importer(815301076,1909f56bfc062723c751e8b465ee728b)  -> (artifact id: '13b5f58253db4fdbdb624498895615a1') in 0.029982 seconds
  Import took 0.089929 seconds .

========================================================================
Received Import Request.
  Time since last request: 3.034754 seconds.
  path: Assets/ScriptableObject/StateMachine/Wolf/Action/Patrol Action.asset
  artifactKey: Guid(6c3f08dae0e8e4d40995d97d66b9f6e4) Importer(815301076,1909f56bfc062723c751e8b465ee728b)
Start importing Assets/ScriptableObject/StateMachine/Wolf/Action/Patrol Action.asset using Guid(6c3f08dae0e8e4d40995d97d66b9f6e4) Importer(815301076,1909f56bfc062723c751e8b465ee728b)  -> (artifact id: '41b19e5ddb0f2b6fabf9bb732a90dc4c') in 0.039712 seconds
  Import took 0.089750 seconds .

========================================================================
Received Import Request.
  Time since last request: 1.595218 seconds.
  path: Assets/ScriptableObject/StateMachine/Wolf/Action/Default Action.asset
  artifactKey: Guid(9f941d4ea22eb4445ae0ed26dac40b9c) Importer(815301076,1909f56bfc062723c751e8b465ee728b)
Start importing Assets/ScriptableObject/StateMachine/Wolf/Action/Default Action.asset using Guid(9f941d4ea22eb4445ae0ed26dac40b9c) Importer(815301076,1909f56bfc062723c751e8b465ee728b)  -> (artifact id: 'abc3e2588ad593cd5b9010ca606fd358') in 0.037961 seconds
  Import took 0.045692 seconds .

========================================================================
Received Import Request.
  Time since last request: 0.435096 seconds.
  path: Assets/ScriptableObject/StateMachine/Wolf/Action/Chase Action.asset
  artifactKey: Guid(c5da1deb1fe556d46b96f7950956dd20) Importer(815301076,1909f56bfc062723c751e8b465ee728b)
Start importing Assets/ScriptableObject/StateMachine/Wolf/Action/Chase Action.asset using Guid(c5da1deb1fe556d46b96f7950956dd20) Importer(815301076,1909f56bfc062723c751e8b465ee728b)  -> (artifact id: 'd000fe2ff7770d84bc65c2c377f7dbda') in 0.078961 seconds
  Import took 0.106763 seconds .

========================================================================
Received Import Request.
  Time since last request: 162.185169 seconds.
  path: Assets/Scripts/NPC/Action/ChaseActionSO.cs
  artifactKey: Guid(832080219452f3c45bd7b5f1a8b9a09c) Importer(815301076,1909f56bfc062723c751e8b465ee728b)
Start importing Assets/Scripts/NPC/Action/ChaseActionSO.cs using Guid(832080219452f3c45bd7b5f1a8b9a09c) Importer(815301076,1909f56bfc062723c751e8b465ee728b)  -> (artifact id: '7f83ff41b06538822a6bb25bc930c603') in 0.112863 seconds
  Import took 0.146912 seconds .

========================================================================
Received Prepare
Registering precompiled user dll's ...
Registered in 0.002919 seconds.
Begin MonoManager ReloadAssembly
Native extension for WindowsStandalone target not found
Refreshing native plugins compatible for Editor in 0.79 ms, found 0 plugins.
Preloading 0 native plugins for Editor in 0.00 ms.
Warning: Annotation not found!
UnityEngine.StackTraceUtility:ExtractStackTrace ()
UnityEditor.ProBuilder.EditorUtility:SetGizmoIconEnabled (System.Type,bool) (at Library/PackageCache/com.unity.probuilder@4.5.0/Editor/EditorCore/EditorUtility.cs:593)
UnityEditor.ProBuilder.HierarchyListener:.cctor () (at Library/PackageCache/com.unity.probuilder@4.5.0/Editor/EditorCore/HierarchyListener.cs:21)
System.Runtime.CompilerServices.RuntimeHelpers:RunClassConstructor (System.RuntimeTypeHandle)
UnityEditor.EditorAssemblies:ProcessInitializeOnLoadAttributes (System.Type[])

[Library/PackageCache/com.unity.probuilder@4.5.0/Editor/EditorCore/EditorUtility.cs line 593]

Mono: successfully reloaded assembly
- Completed reload, in  2.323 seconds
Platform modules already initialized, skipping
Refreshing native plugins compatible for Editor in 0.61 ms, found 0 plugins.
Preloading 0 native plugins for Editor in 0.00 ms.
Unloading 2334 Unused Serialized files (Serialized files now loaded: 0)
System memory in use before: 128.1 MB.
System memory in use after: 128.3 MB.

Unloading 9 unused Assets to reduce memory usage. Loaded Objects now: 2851.
Total: 7.035700 ms (FindLiveObjects: 0.476400 ms CreateObjectMapping: 0.220700 ms MarkObjects: 5.877400 ms  DeleteObjects: 0.459100 ms)

========================================================================
Received Import Request.
  Time since last request: 72.191014 seconds.
  path: Assets/Scripts/NPC/Action/ChaseActionSO.cs
  artifactKey: Guid(832080219452f3c45bd7b5f1a8b9a09c) Importer(815301076,1909f56bfc062723c751e8b465ee728b)
Start importing Assets/Scripts/NPC/Action/ChaseActionSO.cs using Guid(832080219452f3c45bd7b5f1a8b9a09c) Importer(815301076,1909f56bfc062723c751e8b465ee728b)  -> (artifact id: 'd638267c95a61f25cced0a66c886efb2') in 0.013941 seconds
  Import took 0.061967 seconds .

========================================================================
Received Prepare
Registering precompiled user dll's ...
Registered in 0.009681 seconds.
Begin MonoManager ReloadAssembly
Native extension for WindowsStandalone target not found
Refreshing native plugins compatible for Editor in 0.80 ms, found 0 plugins.
Preloading 0 native plugins for Editor in 0.00 ms.
Warning: Annotation not found!
UnityEngine.StackTraceUtility:ExtractStackTrace ()
UnityEditor.ProBuilder.EditorUtility:SetGizmoIconEnabled (System.Type,bool) (at Library/PackageCache/com.unity.probuilder@4.5.0/Editor/EditorCore/EditorUtility.cs:593)
UnityEditor.ProBuilder.HierarchyListener:.cctor () (at Library/PackageCache/com.unity.probuilder@4.5.0/Editor/EditorCore/HierarchyListener.cs:21)
System.Runtime.CompilerServices.RuntimeHelpers:RunClassConstructor (System.RuntimeTypeHandle)
UnityEditor.EditorAssemblies:ProcessInitializeOnLoadAttributes (System.Type[])

[Library/PackageCache/com.unity.probuilder@4.5.0/Editor/EditorCore/EditorUtility.cs line 593]

Mono: successfully reloaded assembly
- Completed reload, in  6.722 seconds
Platform modules already initialized, skipping
Refreshing native plugins compatible for Editor in 1.00 ms, found 0 plugins.
Preloading 0 native plugins for Editor in 0.00 ms.
Unloading 2334 Unused Serialized files (Serialized files now loaded: 0)
System memory in use before: 128.1 MB.
System memory in use after: 128.3 MB.

Unloading 9 unused Assets to reduce memory usage. Loaded Objects now: 2854.
Total: 6.223300 ms (FindLiveObjects: 0.603200 ms CreateObjectMapping: 0.275700 ms MarkObjects: 5.027100 ms  DeleteObjects: 0.313100 ms)

