Using pre-set license
Built from '2020.3/staging' branch; Version is '2020.3.5f1 (8095aa901b9b) revision 8426922'; Using compiler version '192528614'; Build Type 'Release'
OS: 'Windows 10 Home Single Language; OS build 19041.572; Version 2004; 64bit' Language: 'en' Physical Memory: 8061 MB
BatchMode: 1, IsHumanControllingUs: 0, StartBugReporterOnCrash: 0, Is64bit: 1, IsPro: 0

 COMMAND LINE ARGUMENTS:
C:\Program Files\Unity\Hub\Editor\2020.3.5f1\Editor\Unity.exe
-adb2
-batchMode
-noUpm
-name
AssetImportWorker1
-projectPath
D:/Unity/Project/ONT_TS/ONT_TS_1/ONT_TS
-logFile
Logs/AssetImportWorker1.log
-srvPort
62301
Successfully changed project path to: D:/Unity/Project/ONT_TS/ONT_TS_1/ONT_TS
D:/Unity/Project/ONT_TS/ONT_TS_1/ONT_TS
Using Asset Import Pipeline V2.
Refreshing native plugins compatible for Editor in 164.65 ms, found 0 plugins.
Preloading 0 native plugins for Editor in 0.00 ms.
Initialize engine version: 2020.3.5f1 (8095aa901b9b)
[Subsystems] Discovering subsystems at path C:/Program Files/Unity/Hub/Editor/2020.3.5f1/Editor/Data/Resources/UnitySubsystems
[Subsystems] Discovering subsystems at path D:/Unity/Project/ONT_TS/ONT_TS_1/ONT_TS/Assets
GfxDevice: creating device client; threaded=0
Direct3D:
    Version:  Direct3D 11.0 [level 11.0]
    Renderer: NVIDIA GeForce 940MX (ID=0x134d)
    Vendor:   
    VRAM:     2010 MB
    Driver:   27.21.14.5671
Initialize mono
Mono path[0] = 'C:/Program Files/Unity/Hub/Editor/2020.3.5f1/Editor/Data/Managed'
Mono path[1] = 'C:/Program Files/Unity/Hub/Editor/2020.3.5f1/Editor/Data/MonoBleedingEdge/lib/mono/unityjit'
Mono config path = 'C:/Program Files/Unity/Hub/Editor/2020.3.5f1/Editor/Data/MonoBleedingEdge/etc'
Using monoOptions --debugger-agent=transport=dt_socket,embedding=1,server=y,suspend=n,address=127.0.0.1:56324
Begin MonoManager ReloadAssembly
Registering precompiled unity dll's ...
Register platform support module: C:/Program Files/Unity/Hub/Editor/2020.3.5f1/Editor/Data/PlaybackEngines/WindowsStandaloneSupport/UnityEditor.WindowsStandalone.Extensions.dll
Registered in 0.013761 seconds.
Native extension for WindowsStandalone target not found
Refreshing native plugins compatible for Editor in 141.15 ms, found 0 plugins.
Preloading 0 native plugins for Editor in 0.00 ms.
Mono: successfully reloaded assembly
- Completed reload, in  3.518 seconds
Platform modules already initialized, skipping
Registering precompiled user dll's ...
Registered in 0.002860 seconds.
Begin MonoManager ReloadAssembly
Native extension for WindowsStandalone target not found
Refreshing native plugins compatible for Editor in 179.35 ms, found 0 plugins.
Preloading 0 native plugins for Editor in 0.00 ms.
Mono: successfully reloaded assembly
- Completed reload, in  6.298 seconds
Platform modules already initialized, skipping
========================================================================
Worker process is ready to serve import requests
Launched and connected shader compiler UnityShaderCompiler.exe after 0.12 seconds
Refreshing native plugins compatible for Editor in 0.84 ms, found 0 plugins.
Preloading 0 native plugins for Editor in 0.00 ms.
Unloading 2357 Unused Serialized files (Serialized files now loaded: 0)
System memory in use before: 130.3 MB.
System memory in use after: 130.4 MB.

Unloading 124 unused Assets to reduce memory usage. Loaded Objects now: 2827.
Total: 16.142300 ms (FindLiveObjects: 0.536400 ms CreateObjectMapping: 0.332300 ms MarkObjects: 14.727500 ms  DeleteObjects: 0.543400 ms)

========================================================================
Received Import Request.
  path: Assets/Resources/DOTweenSettings.asset
  artifactKey: Guid(358a6a17fb9a1b24d9a4fd7aad2685b9) Importer(815301076,1909f56bfc062723c751e8b465ee728b)
Start importing Assets/Resources/DOTweenSettings.asset using Guid(358a6a17fb9a1b24d9a4fd7aad2685b9) Importer(815301076,1909f56bfc062723c751e8b465ee728b)  -> (artifact id: 'be463e13413754b3269255670728fb3c') in 0.201340 seconds
  Import took 0.306155 seconds .

========================================================================
Received Import Request.
  Time since last request: 0.000540 seconds.
  path: Assets/Resources
  artifactKey: Guid(65587563e762c5743af5308188fd14f8) Importer(815301076,1909f56bfc062723c751e8b465ee728b)
Start importing Assets/Resources using Guid(65587563e762c5743af5308188fd14f8) Importer(815301076,1909f56bfc062723c751e8b465ee728b)  -> (artifact id: '20e805182e4cea789ffe40a4c86f9967') in 0.048988 seconds
  Import took 0.160758 seconds .

========================================================================
Received Import Request.
  Time since last request: 16708.217565 seconds.
  path: Assets/Scripts/CharacterBehaviour/ThachSanh/PlayerInput.cs
  artifactKey: Guid(6662e07a05cc35c4f9403b0a68a288cd) Importer(815301076,1909f56bfc062723c751e8b465ee728b)
Start importing Assets/Scripts/CharacterBehaviour/ThachSanh/PlayerInput.cs using Guid(6662e07a05cc35c4f9403b0a68a288cd) Importer(815301076,1909f56bfc062723c751e8b465ee728b)  -> (artifact id: 'ba328a0be8de3a806007d7e2b82ef2f0') in 0.941175 seconds
  Import took 2.813705 seconds .

========================================================================
Received Prepare
Registering precompiled user dll's ...
Registered in 0.015398 seconds.
Begin MonoManager ReloadAssembly
Native extension for WindowsStandalone target not found
Refreshing native plugins compatible for Editor in 0.52 ms, found 0 plugins.
Preloading 0 native plugins for Editor in 0.00 ms.
Warning: Annotation not found!
UnityEngine.StackTraceUtility:ExtractStackTrace ()
UnityEditor.ProBuilder.EditorUtility:SetGizmoIconEnabled (System.Type,bool) (at Library/PackageCache/com.unity.probuilder@4.5.0/Editor/EditorCore/EditorUtility.cs:593)
UnityEditor.ProBuilder.HierarchyListener:.cctor () (at Library/PackageCache/com.unity.probuilder@4.5.0/Editor/EditorCore/HierarchyListener.cs:21)
System.Runtime.CompilerServices.RuntimeHelpers:RunClassConstructor (System.RuntimeTypeHandle)
UnityEditor.EditorAssemblies:ProcessInitializeOnLoadAttributes (System.Type[])

[Library/PackageCache/com.unity.probuilder@4.5.0/Editor/EditorCore/EditorUtility.cs line 593]

Mono: successfully reloaded assembly
- Completed reload, in  6.827 seconds
Platform modules already initialized, skipping
Refreshing native plugins compatible for Editor in 0.57 ms, found 0 plugins.
Preloading 0 native plugins for Editor in 0.00 ms.
Unloading 2314 Unused Serialized files (Serialized files now loaded: 0)
System memory in use before: 127.4 MB.
System memory in use after: 127.6 MB.

Unloading 9 unused Assets to reduce memory usage. Loaded Objects now: 2831.
Total: 4.407700 ms (FindLiveObjects: 0.517500 ms CreateObjectMapping: 0.197800 ms MarkObjects: 3.419600 ms  DeleteObjects: 0.269600 ms)

========================================================================
Received Prepare
Registering precompiled user dll's ...
Registered in 0.002452 seconds.
Begin MonoManager ReloadAssembly
Native extension for WindowsStandalone target not found
Refreshing native plugins compatible for Editor in 0.63 ms, found 0 plugins.
Preloading 0 native plugins for Editor in 0.00 ms.
Warning: Annotation not found!
UnityEngine.StackTraceUtility:ExtractStackTrace ()
UnityEditor.ProBuilder.EditorUtility:SetGizmoIconEnabled (System.Type,bool) (at Library/PackageCache/com.unity.probuilder@4.5.0/Editor/EditorCore/EditorUtility.cs:593)
UnityEditor.ProBuilder.HierarchyListener:.cctor () (at Library/PackageCache/com.unity.probuilder@4.5.0/Editor/EditorCore/HierarchyListener.cs:21)
System.Runtime.CompilerServices.RuntimeHelpers:RunClassConstructor (System.RuntimeTypeHandle)
UnityEditor.EditorAssemblies:ProcessInitializeOnLoadAttributes (System.Type[])

[Library/PackageCache/com.unity.probuilder@4.5.0/Editor/EditorCore/EditorUtility.cs line 593]

Mono: successfully reloaded assembly
- Completed reload, in  5.903 seconds
Platform modules already initialized, skipping
Refreshing native plugins compatible for Editor in 0.75 ms, found 0 plugins.
Preloading 0 native plugins for Editor in 0.00 ms.
Unloading 2314 Unused Serialized files (Serialized files now loaded: 0)
System memory in use before: 127.5 MB.
System memory in use after: 127.6 MB.

Unloading 9 unused Assets to reduce memory usage. Loaded Objects now: 2834.
Total: 5.584400 ms (FindLiveObjects: 0.418700 ms CreateObjectMapping: 0.217900 ms MarkObjects: 4.678000 ms  DeleteObjects: 0.267600 ms)

========================================================================
Received Import Request.
  Time since last request: 8603.712296 seconds.
  path: Assets/Scripts/CharacterBehaviour/ThachSanh/PlayerInput.cs
  artifactKey: Guid(6662e07a05cc35c4f9403b0a68a288cd) Importer(815301076,1909f56bfc062723c751e8b465ee728b)
Start importing Assets/Scripts/CharacterBehaviour/ThachSanh/PlayerInput.cs using Guid(6662e07a05cc35c4f9403b0a68a288cd) Importer(815301076,1909f56bfc062723c751e8b465ee728b)  -> (artifact id: 'ffc6c4f13e051ff7086b26f3dabb05f9') in 0.014749 seconds
  Import took 0.096616 seconds .

