Using pre-set license
Built from '2020.3/staging' branch; Version is '2020.3.5f1 (8095aa901b9b) revision 8426922'; Using compiler version '192528614'; Build Type 'Release'
OS: 'Windows 10 Home Single Language; OS build 19041.572; Version 2004; 64bit' Language: 'en' Physical Memory: 8061 MB
BatchMode: 1, IsHumanControllingUs: 0, StartBugReporterOnCrash: 0, Is64bit: 1, IsPro: 0

 COMMAND LINE ARGUMENTS:
C:\Program Files\Unity\Hub\Editor\2020.3.5f1\Editor\Unity.exe
-adb2
-batchMode
-noUpm
-name
AssetImportWorker5
-projectPath
D:/Unity/Project/ONT_TS/ONT_TS_1/ONT_TS
-logFile
Logs/AssetImportWorker5.log
-srvPort
63154
Successfully changed project path to: D:/Unity/Project/ONT_TS/ONT_TS_1/ONT_TS
D:/Unity/Project/ONT_TS/ONT_TS_1/ONT_TS
Using Asset Import Pipeline V2.
Refreshing native plugins compatible for Editor in 188.30 ms, found 0 plugins.
Preloading 0 native plugins for Editor in 0.00 ms.
Initialize engine version: 2020.3.5f1 (8095aa901b9b)
[Subsystems] Discovering subsystems at path C:/Program Files/Unity/Hub/Editor/2020.3.5f1/Editor/Data/Resources/UnitySubsystems
[Subsystems] Discovering subsystems at path D:/Unity/Project/ONT_TS/ONT_TS_1/ONT_TS/Assets
GfxDevice: creating device client; threaded=0
Direct3D:
    Version:  Direct3D 11.0 [level 11.0]
    Renderer: NVIDIA GeForce 940MX (ID=0x134d)
    Vendor:   
    VRAM:     2010 MB
    Driver:   27.21.14.5671
Initialize mono
Mono path[0] = 'C:/Program Files/Unity/Hub/Editor/2020.3.5f1/Editor/Data/Managed'
Mono path[1] = 'C:/Program Files/Unity/Hub/Editor/2020.3.5f1/Editor/Data/MonoBleedingEdge/lib/mono/unityjit'
Mono config path = 'C:/Program Files/Unity/Hub/Editor/2020.3.5f1/Editor/Data/MonoBleedingEdge/etc'
Using monoOptions --debugger-agent=transport=dt_socket,embedding=1,server=y,suspend=n,address=127.0.0.1:56028
Begin MonoManager ReloadAssembly
Registering precompiled unity dll's ...
Register platform support module: C:/Program Files/Unity/Hub/Editor/2020.3.5f1/Editor/Data/PlaybackEngines/WindowsStandaloneSupport/UnityEditor.WindowsStandalone.Extensions.dll
Registered in 0.004063 seconds.
Native extension for WindowsStandalone target not found
Refreshing native plugins compatible for Editor in 105.42 ms, found 0 plugins.
Preloading 0 native plugins for Editor in 0.00 ms.
Mono: successfully reloaded assembly
- Completed reload, in  6.243 seconds
Platform modules already initialized, skipping
Registering precompiled user dll's ...
Registered in 0.002629 seconds.
Begin MonoManager ReloadAssembly
Native extension for WindowsStandalone target not found
Refreshing native plugins compatible for Editor in 110.42 ms, found 0 plugins.
Preloading 0 native plugins for Editor in 0.00 ms.
Mono: successfully reloaded assembly
- Completed reload, in  5.124 seconds
Platform modules already initialized, skipping
========================================================================
Worker process is ready to serve import requests
Launched and connected shader compiler UnityShaderCompiler.exe after 0.14 seconds
Refreshing native plugins compatible for Editor in 0.73 ms, found 0 plugins.
Preloading 0 native plugins for Editor in 0.00 ms.
Unloading 2358 Unused Serialized files (Serialized files now loaded: 0)
System memory in use before: 131.8 MB.
System memory in use after: 132.0 MB.

Unloading 124 unused Assets to reduce memory usage. Loaded Objects now: 2828.
Total: 9.463700 ms (FindLiveObjects: 0.480900 ms CreateObjectMapping: 0.216400 ms MarkObjects: 7.270400 ms  DeleteObjects: 1.493300 ms)

========================================================================
Received Import Request.
  path: Assets/Scripts/CharacterBehaviour/ThachSanh/PlayerInput.cs
  artifactKey: Guid(6662e07a05cc35c4f9403b0a68a288cd) Importer(815301076,1909f56bfc062723c751e8b465ee728b)
Start importing Assets/Scripts/CharacterBehaviour/ThachSanh/PlayerInput.cs using Guid(6662e07a05cc35c4f9403b0a68a288cd) Importer(815301076,1909f56bfc062723c751e8b465ee728b)  -> (artifact id: '0587396b6e4656800a95b4cc79fa5730') in 0.095644 seconds
  Import took 0.130506 seconds .

========================================================================
Received Import Request.
  Time since last request: 0.011352 seconds.
  path: Assets/Settings/Input
  artifactKey: Guid(780783bd8211bdc4cbe7db3682898269) Importer(815301076,1909f56bfc062723c751e8b465ee728b)
Start importing Assets/Settings/Input using Guid(780783bd8211bdc4cbe7db3682898269) Importer(815301076,1909f56bfc062723c751e8b465ee728b)  -> (artifact id: 'f48b6dc366b154449e862295454c8913') in 0.020142 seconds
  Import took 0.059107 seconds .

========================================================================
Received Import Request.
  Time since last request: 0.000330 seconds.
  path: Assets/Settings/Input/PlayerAction.inputactions
  artifactKey: Guid(c7f57f4b6def97345827a12b16ee8455) Importer(815301076,1909f56bfc062723c751e8b465ee728b)
Start importing Assets/Settings/Input/PlayerAction.inputactions using Guid(c7f57f4b6def97345827a12b16ee8455) Importer(815301076,1909f56bfc062723c751e8b465ee728b)  -> (artifact id: '9e3533719c0f01c3b242d861673668e9') in 0.195995 seconds
  Import took 0.221892 seconds .

